YawADB/build/intermediates/manifest_merge_blame_file/release/manifest-merger-blame-release-report.txt
1<?xml version="1.0" encoding="utf-8"?>
2<!-- DOCTYPE manifest -->
3<manifest xmlns:android="http://schemas.android.com/apk/res/android"
4    package="com.palmcrust.yawadb"
5    android:installLocation="auto"
6    android:versionCode="10400"
7    android:versionName="1.4" >
8
9    <uses-sdk android:targetSdkVersion="29" />
9-->src\main\AndroidManifest.xml
10    <!--
11        android:versionCode="10302"
12    android:versionName="1.3.2"
13    -->
14
15
16    <!--
17         uses-sdk
18        android:minSdkVersion="1"
19        android:targetSdkVersion="19" /
20    -->
21
22    <uses-permission android:name="android.permission.ACCESS_WIFI_STATE" />
22-->src\main\AndroidManifest.xml:13:5-75
22-->src\main\AndroidManifest.xml:13:22-73
23    <!-- uses-permission android:name="android.permission.ACCESS_NETWORK_STATE"/ -->
24    <uses-permission android:name="android.permission.INTERNET" />
24-->src\main\AndroidManifest.xml:15:5-66
24-->src\main\AndroidManifest.xml:15:22-64
25    <uses-permission android:name="android.permission.FOREGROUND_SERVICE" />
25-->src\main\AndroidManifest.xml:16:5-77
25-->src\main\AndroidManifest.xml:16:22-74
26
27    <application
27-->src\main\AndroidManifest.xml:18:5-70:19
28        android:icon="@drawable/ic_launcher"
28-->src\main\AndroidManifest.xml:19:9-45
29        android:label="@string/app_name"
29-->src\main\AndroidManifest.xml:20:9-41
30        android:testOnly="true"
31        android:theme="@style/AppTheme" >
31-->src\main\AndroidManifest.xml:21:9-40
32        <receiver android:name="com.palmcrust.yawadb.YawAdbProvider" >
32-->src\main\AndroidManifest.xml:23:9-31:14
32-->src\main\AndroidManifest.xml:23:19-69
33            <intent-filter>
33-->src\main\AndroidManifest.xml:24:13-28:29
34                <action android:name="android.appwidget.action.APPWIDGET_UPDATE" />
34-->src\main\AndroidManifest.xml:25:17-84
34-->src\main\AndroidManifest.xml:25:25-81
35                <!-- action android:name="android.appwidget.action.APPWIDGET_DELETED" / -->
36                <!-- category android:name="android.intent.category.DEFAULT" / -->
37            </intent-filter>
38
39            <meta-data
39-->src\main\AndroidManifest.xml:29:13-30:62
40                android:name="android.appwidget.provider"
40-->src\main\AndroidManifest.xml:29:24-65
41                android:resource="@xml/appwidget_info" />
41-->src\main\AndroidManifest.xml:30:21-59
42        </receiver>
43
44        <activity
44-->src\main\AndroidManifest.xml:33:9-40:20
45            android:name="com.palmcrust.yawadb.PopupActivity"
45-->src\main\AndroidManifest.xml:34:13-62
46            android:configChanges="keyboard|keyboardHidden|orientation|screenSize" >
46-->src\main\AndroidManifest.xml:35:11-81
47            <intent-filter>
47-->src\main\AndroidManifest.xml:36:10-39:26
48                <action android:name="android.intent.action.MAIN" />
48-->src\main\AndroidManifest.xml:37:17-69
48-->src\main\AndroidManifest.xml:37:25-66
49
50                <category android:name="android.intent.category.LAUNCHER" />
50-->src\main\AndroidManifest.xml:38:17-77
50-->src\main\AndroidManifest.xml:38:27-74
51            </intent-filter>
52        </activity>
53        <activity
53-->src\main\AndroidManifest.xml:42:9-44:84
54            android:name="com.palmcrust.yawadb.ConfigActivity"
54-->src\main\AndroidManifest.xml:43:13-63
55            android:configChanges="keyboard|keyboardHidden|orientation|screenSize" />
55-->src\main\AndroidManifest.xml:44:11-81
56        <activity
56-->src\main\AndroidManifest.xml:46:9-64:20
57            android:name="com.palmcrust.yawadb.InfoActivity"
57-->src\main\AndroidManifest.xml:47:13-61
58            android:configChanges="keyboard|keyboardHidden|orientation|screenSize"
58-->src\main\AndroidManifest.xml:49:11-81
59            android:theme="@style/InfoTheme" >
59-->src\main\AndroidManifest.xml:48:10-42
60
61            <!-- <intent-filter> &lt;!&ndash; android:label="@string/filter_title_viewgizmos" &ndash;&gt; -->
62            <!-- <action android:name="android.intent.action.VIEW" /> -->
63            <!-- <category android:name="android.intent.category.DEFAULT" /> -->
64            <!-- <category android:name="android.intent.category.BROWSABLE" /> -->
65            <!-- <data android:scheme="http" -->
66            <!-- android:host="com.palmcrust.com" -->
67            <!-- android:pathPrefix="/Android/yawadb-phone" /> -->
68            <!-- &lt;!&ndash; note that the leading "/" is required for pathPrefix&ndash;&gt; -->
69            <!-- &lt;!&ndash; Accepts URIs that begin with "example://gizmos” &ndash;&gt; -->
70            <!-- <data android:scheme="example" -->
71            <!-- android:host="yawadb" /> -->
72
73
74            <!-- </intent-filter> -->
75        </activity>
76
77        <service
77-->src\main\AndroidManifest.xml:66:9-68:40
78            android:name="com.palmcrust.yawadb.YawAdbService"
78-->src\main\AndroidManifest.xml:67:13-62
79            android:exported="false" />
79-->src\main\AndroidManifest.xml:68:13-37
80    </application>
81
82</manifest>